mode: set
github.com/congziqi77/task-scheduling/internal/models/topic.go:25.45,28.16 3 1
github.com/congziqi77/task-scheduling/internal/models/topic.go:32.2,34.52 2 1
github.com/congziqi77/task-scheduling/internal/models/topic.go:38.2,38.12 1 1
github.com/congziqi77/task-scheduling/internal/models/topic.go:28.16,31.3 2 0
github.com/congziqi77/task-scheduling/internal/models/topic.go:34.52,37.3 2 1
github.com/congziqi77/task-scheduling/internal/models/topic.go:41.42,43.14 2 1
github.com/congziqi77/task-scheduling/internal/models/topic.go:46.2,47.53 2 1
github.com/congziqi77/task-scheduling/internal/models/topic.go:50.2,52.16 3 1
github.com/congziqi77/task-scheduling/internal/models/topic.go:55.2,55.12 1 1
github.com/congziqi77/task-scheduling/internal/models/topic.go:43.14,45.3 1 0
github.com/congziqi77/task-scheduling/internal/models/topic.go:47.53,49.3 1 0
github.com/congziqi77/task-scheduling/internal/models/topic.go:52.16,54.3 1 0
github.com/congziqi77/task-scheduling/internal/models/topic.go:58.55,61.14 3 1
github.com/congziqi77/task-scheduling/internal/models/topic.go:64.2,64.14 1 1
github.com/congziqi77/task-scheduling/internal/models/topic.go:69.2,69.22 1 1
github.com/congziqi77/task-scheduling/internal/models/topic.go:61.14,63.3 1 0
github.com/congziqi77/task-scheduling/internal/models/topic.go:64.14,65.54 1 1
github.com/congziqi77/task-scheduling/internal/models/topic.go:65.54,67.4 1 0
github.com/congziqi77/task-scheduling/internal/models/topic.go:72.54,74.16 2 1
github.com/congziqi77/task-scheduling/internal/models/topic.go:77.2,78.17 2 1
github.com/congziqi77/task-scheduling/internal/models/topic.go:81.2,81.12 1 1
github.com/congziqi77/task-scheduling/internal/models/topic.go:74.16,76.3 1 0
github.com/congziqi77/task-scheduling/internal/models/topic.go:78.17,80.3 1 1
github.com/congziqi77/task-scheduling/internal/models/topic.go:84.66,88.14 3 1
github.com/congziqi77/task-scheduling/internal/models/topic.go:108.2,110.27 2 1
github.com/congziqi77/task-scheduling/internal/models/topic.go:113.2,113.29 1 1
github.com/congziqi77/task-scheduling/internal/models/topic.go:88.14,92.17 4 0
github.com/congziqi77/task-scheduling/internal/models/topic.go:95.3,98.28 4 0
github.com/congziqi77/task-scheduling/internal/models/topic.go:101.3,102.17 2 0
github.com/congziqi77/task-scheduling/internal/models/topic.go:105.3,106.41 2 0
github.com/congziqi77/task-scheduling/internal/models/topic.go:92.17,94.4 1 0
github.com/congziqi77/task-scheduling/internal/models/topic.go:98.28,100.4 1 0
github.com/congziqi77/task-scheduling/internal/models/topic.go:102.17,104.4 1 0
github.com/congziqi77/task-scheduling/internal/models/topic.go:110.27,112.3 1 0
github.com/congziqi77/task-scheduling/internal/models/topic.go:116.51,118.16 2 0
github.com/congziqi77/task-scheduling/internal/models/topic.go:121.2,123.57 3 0
github.com/congziqi77/task-scheduling/internal/models/topic.go:126.2,126.16 1 0
github.com/congziqi77/task-scheduling/internal/models/topic.go:129.2,130.20 2 0
github.com/congziqi77/task-scheduling/internal/models/topic.go:118.16,120.3 1 0
github.com/congziqi77/task-scheduling/internal/models/topic.go:123.57,125.3 1 0
github.com/congziqi77/task-scheduling/internal/models/topic.go:126.16,128.3 1 0
github.com/congziqi77/task-scheduling/internal/models/topic.go:133.53,135.2 1 1
github.com/congziqi77/task-scheduling/internal/models/cache.go:17.35,22.2 4 0
github.com/congziqi77/task-scheduling/internal/models/cache.go:24.29,28.2 1 0
github.com/congziqi77/task-scheduling/internal/models/cache.go:30.84,32.2 1 0
github.com/congziqi77/task-scheduling/internal/models/cache.go:34.63,37.2 2 0
github.com/congziqi77/task-scheduling/internal/models/cache.go:39.39,41.2 1 0
github.com/congziqi77/task-scheduling/internal/models/graph.go:28.24,34.2 1 1
github.com/congziqi77/task-scheduling/internal/models/graph.go:37.54,38.21 1 1
github.com/congziqi77/task-scheduling/internal/models/graph.go:43.2,43.32 1 1
github.com/congziqi77/task-scheduling/internal/models/graph.go:47.2,52.12 5 1
github.com/congziqi77/task-scheduling/internal/models/graph.go:38.21,40.3 1 0
github.com/congziqi77/task-scheduling/internal/models/graph.go:43.32,45.3 1 0
github.com/congziqi77/task-scheduling/internal/models/graph.go:55.44,57.2 1 1
github.com/congziqi77/task-scheduling/internal/models/graph.go:60.35,63.29 2 1
github.com/congziqi77/task-scheduling/internal/models/graph.go:68.2,68.15 1 1
github.com/congziqi77/task-scheduling/internal/models/graph.go:63.29,64.43 1 1
github.com/congziqi77/task-scheduling/internal/models/graph.go:64.43,66.4 1 1
github.com/congziqi77/task-scheduling/internal/models/graph.go:71.47,76.31 3 1
github.com/congziqi77/task-scheduling/internal/models/graph.go:85.2,85.12 1 1
github.com/congziqi77/task-scheduling/internal/models/graph.go:76.31,81.35 3 1
github.com/congziqi77/task-scheduling/internal/models/graph.go:81.35,83.4 1 1
github.com/congziqi77/task-scheduling/internal/models/graph.go:89.37,90.45 1 1
github.com/congziqi77/task-scheduling/internal/models/graph.go:93.2,94.23 2 1
github.com/congziqi77/task-scheduling/internal/models/graph.go:90.45,92.3 1 1
github.com/congziqi77/task-scheduling/internal/models/graph.go:97.52,99.21 2 1
github.com/congziqi77/task-scheduling/internal/models/graph.go:99.21,102.3 1 1
github.com/congziqi77/task-scheduling/internal/models/graph.go:102.8,104.3 1 0
github.com/congziqi77/task-scheduling/internal/models/graph.go:108.32,114.2 1 1
github.com/congziqi77/task-scheduling/internal/models/graph.go:117.54,121.2 3 1
github.com/congziqi77/task-scheduling/internal/models/graph.go:123.49,125.2 1 1
github.com/congziqi77/task-scheduling/internal/models/graph.go:127.51,129.2 1 1
github.com/congziqi77/task-scheduling/internal/models/graph.go:131.53,133.9 2 1
github.com/congziqi77/task-scheduling/internal/models/graph.go:137.2,137.26 1 1
github.com/congziqi77/task-scheduling/internal/models/graph.go:133.9,136.3 2 1
github.com/congziqi77/task-scheduling/internal/models/graph.go:140.83,141.33 1 1
github.com/congziqi77/task-scheduling/internal/models/graph.go:145.2,149.27 3 1
github.com/congziqi77/task-scheduling/internal/models/graph.go:163.2,163.12 1 1
github.com/congziqi77/task-scheduling/internal/models/graph.go:141.33,143.3 1 0
github.com/congziqi77/task-scheduling/internal/models/graph.go:149.27,151.36 2 1
github.com/congziqi77/task-scheduling/internal/models/graph.go:159.3,159.26 1 1
github.com/congziqi77/task-scheduling/internal/models/graph.go:151.36,152.39 1 1
github.com/congziqi77/task-scheduling/internal/models/graph.go:152.39,153.36 1 1
github.com/congziqi77/task-scheduling/internal/models/graph.go:153.36,156.6 2 1
github.com/congziqi77/task-scheduling/internal/models/graph.go:166.37,169.28 2 1
github.com/congziqi77/task-scheduling/internal/models/graph.go:172.2,172.17 1 1
github.com/congziqi77/task-scheduling/internal/models/graph.go:169.28,171.3 1 1
github.com/congziqi77/task-scheduling/internal/models/graph.go:175.34,178.28 2 1
github.com/congziqi77/task-scheduling/internal/models/graph.go:182.2,182.15 1 1
github.com/congziqi77/task-scheduling/internal/models/graph.go:178.28,180.3 1 1
github.com/congziqi77/task-scheduling/internal/models/model.go:27.32,29.16 2 1
github.com/congziqi77/task-scheduling/internal/models/model.go:32.2,32.27 1 1
github.com/congziqi77/task-scheduling/internal/models/model.go:29.16,31.3 1 0
github.com/congziqi77/task-scheduling/internal/models/model.go:36.38,37.29 1 1
github.com/congziqi77/task-scheduling/internal/models/model.go:41.2,48.16 3 1
github.com/congziqi77/task-scheduling/internal/models/model.go:51.2,52.16 2 1
github.com/congziqi77/task-scheduling/internal/models/model.go:55.2,60.16 5 1
github.com/congziqi77/task-scheduling/internal/models/model.go:37.29,39.3 1 0
github.com/congziqi77/task-scheduling/internal/models/model.go:48.16,50.3 1 0
github.com/congziqi77/task-scheduling/internal/models/model.go:52.16,54.3 1 0
github.com/congziqi77/task-scheduling/internal/models/model.go:63.30,65.6 2 1
github.com/congziqi77/task-scheduling/internal/models/model.go:65.6,66.10 1 1
github.com/congziqi77/task-scheduling/internal/models/model.go:67.12,68.39 1 0
github.com/congziqi77/task-scheduling/internal/models/model.go:68.39,70.5 1 0
github.com/congziqi77/task-scheduling/internal/models/model.go:75.40,77.2 1 0
github.com/congziqi77/task-scheduling/internal/models/task.go:38.71,39.32 1 1
github.com/congziqi77/task-scheduling/internal/models/task.go:43.2,44.16 2 1
github.com/congziqi77/task-scheduling/internal/models/task.go:47.2,49.9 3 1
github.com/congziqi77/task-scheduling/internal/models/task.go:52.2,55.16 4 1
github.com/congziqi77/task-scheduling/internal/models/task.go:58.2,59.12 2 1
github.com/congziqi77/task-scheduling/internal/models/task.go:39.32,42.3 2 1
github.com/congziqi77/task-scheduling/internal/models/task.go:44.16,46.3 1 0
github.com/congziqi77/task-scheduling/internal/models/task.go:49.9,51.3 1 0
github.com/congziqi77/task-scheduling/internal/models/task.go:55.16,57.3 1 0
github.com/congziqi77/task-scheduling/internal/models/task.go:63.37,64.17 1 1
github.com/congziqi77/task-scheduling/internal/models/task.go:95.2,96.14 2 1
github.com/congziqi77/task-scheduling/internal/models/task.go:64.17,67.33 3 1
github.com/congziqi77/task-scheduling/internal/models/task.go:85.3,91.4 2 1
github.com/congziqi77/task-scheduling/internal/models/task.go:67.33,68.53 1 1
github.com/congziqi77/task-scheduling/internal/models/task.go:72.4,72.40 1 1
github.com/congziqi77/task-scheduling/internal/models/task.go:68.53,70.13 2 1
github.com/congziqi77/task-scheduling/internal/models/task.go:72.40,74.19 2 1
github.com/congziqi77/task-scheduling/internal/models/task.go:74.19,82.6 2 0
github.com/congziqi77/task-scheduling/internal/models/task.go:96.14,99.3 2 0
github.com/congziqi77/task-scheduling/internal/models/task.go:103.48,106.32 3 1
github.com/congziqi77/task-scheduling/internal/models/task.go:123.2,129.3 2 1
github.com/congziqi77/task-scheduling/internal/models/task.go:106.32,107.52 1 1
github.com/congziqi77/task-scheduling/internal/models/task.go:111.3,111.39 1 1
github.com/congziqi77/task-scheduling/internal/models/task.go:107.52,109.12 2 1
github.com/congziqi77/task-scheduling/internal/models/task.go:111.39,113.18 2 1
github.com/congziqi77/task-scheduling/internal/models/task.go:113.18,120.5 1 0
github.com/congziqi77/task-scheduling/internal/models/task.go:133.20,134.6 1 0
github.com/congziqi77/task-scheduling/internal/models/task.go:134.6,137.28 3 0
github.com/congziqi77/task-scheduling/internal/models/task.go:137.28,140.4 1 0
github.com/congziqi77/task-scheduling/internal/models/task.go:140.9,143.18 3 0
github.com/congziqi77/task-scheduling/internal/models/task.go:148.4,148.52 1 0
github.com/congziqi77/task-scheduling/internal/models/task.go:143.18,145.13 2 0
github.com/congziqi77/task-scheduling/internal/models/task.go:153.77,155.16 2 1
github.com/congziqi77/task-scheduling/internal/models/task.go:159.2,161.16 3 1
github.com/congziqi77/task-scheduling/internal/models/task.go:164.2,167.21 4 1
github.com/congziqi77/task-scheduling/internal/models/task.go:172.2,172.17 1 1
github.com/congziqi77/task-scheduling/internal/models/task.go:155.16,157.3 1 0
github.com/congziqi77/task-scheduling/internal/models/task.go:161.16,163.3 1 0
github.com/congziqi77/task-scheduling/internal/models/task.go:167.21,169.3 1 1
github.com/congziqi77/task-scheduling/internal/models/task.go:169.8,171.3 1 0
github.com/congziqi77/task-scheduling/internal/models/task.go:176.70,177.15 1 1
github.com/congziqi77/task-scheduling/internal/models/task.go:180.2,180.30 1 1
github.com/congziqi77/task-scheduling/internal/models/task.go:189.2,190.18 2 1
github.com/congziqi77/task-scheduling/internal/models/task.go:177.15,179.3 1 0
github.com/congziqi77/task-scheduling/internal/models/task.go:180.30,184.32 4 1
github.com/congziqi77/task-scheduling/internal/models/task.go:187.3,187.12 1 1
github.com/congziqi77/task-scheduling/internal/models/task.go:184.32,186.4 1 1
github.com/congziqi77/task-scheduling/internal/models/task.go:195.72,197.2 1 0
github.com/congziqi77/task-scheduling/internal/models/task.go:200.72,202.16 2 1
github.com/congziqi77/task-scheduling/internal/models/task.go:205.2,205.14 1 0
github.com/congziqi77/task-scheduling/internal/models/task.go:215.2,218.26 3 0
github.com/congziqi77/task-scheduling/internal/models/task.go:202.16,204.3 1 0
github.com/congziqi77/task-scheduling/internal/models/task.go:205.14,207.17 2 0
github.com/congziqi77/task-scheduling/internal/models/task.go:210.3,211.17 2 0
github.com/congziqi77/task-scheduling/internal/models/task.go:207.17,209.4 1 0
github.com/congziqi77/task-scheduling/internal/models/task.go:211.17,213.4 1 0
github.com/congziqi77/task-scheduling/internal/models/task.go:222.65,223.15 1 1
github.com/congziqi77/task-scheduling/internal/models/task.go:228.2,230.16 3 1
github.com/congziqi77/task-scheduling/internal/models/task.go:233.2,233.19 1 0
github.com/congziqi77/task-scheduling/internal/models/task.go:238.2,239.38 2 0
github.com/congziqi77/task-scheduling/internal/models/task.go:223.15,224.31 1 1
github.com/congziqi77/task-scheduling/internal/models/task.go:224.31,226.4 1 0
github.com/congziqi77/task-scheduling/internal/models/task.go:230.16,231.13 1 0
github.com/congziqi77/task-scheduling/internal/models/task.go:233.19,236.3 2 0
github.com/congziqi77/task-scheduling/internal/models/task.go:239.38,242.57 2 0
github.com/congziqi77/task-scheduling/internal/models/task.go:242.57,243.14 1 0
github.com/congziqi77/task-scheduling/internal/models/task.go:248.55,250.16 2 0
github.com/congziqi77/task-scheduling/internal/models/task.go:253.2,256.38 4 0
github.com/congziqi77/task-scheduling/internal/models/task.go:266.2,266.12 1 0
github.com/congziqi77/task-scheduling/internal/models/task.go:250.16,252.3 1 0
github.com/congziqi77/task-scheduling/internal/models/task.go:256.38,258.17 2 0
github.com/congziqi77/task-scheduling/internal/models/task.go:261.3,262.17 2 0
github.com/congziqi77/task-scheduling/internal/models/task.go:258.17,260.4 1 0
github.com/congziqi77/task-scheduling/internal/models/task.go:262.17,264.4 1 0
github.com/congziqi77/task-scheduling/route/task/task.go:11.35,13.50 2 0
github.com/congziqi77/task-scheduling/route/task/task.go:18.2,21.67 3 0
github.com/congziqi77/task-scheduling/route/task/task.go:26.2,26.29 1 0
github.com/congziqi77/task-scheduling/route/task/task.go:13.50,17.3 3 0
github.com/congziqi77/task-scheduling/route/task/task.go:21.67,25.3 3 0
github.com/congziqi77/task-scheduling/route/task/topic.go:13.36,15.58 2 0
github.com/congziqi77/task-scheduling/route/task/topic.go:20.2,20.56 1 0
github.com/congziqi77/task-scheduling/route/task/topic.go:25.2,25.29 1 0
github.com/congziqi77/task-scheduling/route/task/topic.go:15.58,19.3 3 0
github.com/congziqi77/task-scheduling/route/task/topic.go:20.56,24.3 3 0
github.com/congziqi77/task-scheduling/route/task/topic.go:29.34,31.16 2 0
github.com/congziqi77/task-scheduling/route/task/topic.go:36.2,36.29 1 0
github.com/congziqi77/task-scheduling/route/task/topic.go:31.16,35.3 3 0
github.com/congziqi77/task-scheduling/route/task/topic.go:40.32,44.16 4 1
github.com/congziqi77/task-scheduling/route/task/topic.go:48.2,48.46 1 0
github.com/congziqi77/task-scheduling/route/task/topic.go:44.16,47.3 2 0
github.com/congziqi77/task-scheduling/route/task/topic.go:51.28,55.2 3 0
