mode: set
github.com/congziqi77/task-scheduling/internal/models/cache.go:17.35,22.2 4 0
github.com/congziqi77/task-scheduling/internal/models/cache.go:24.30,28.2 1 0
github.com/congziqi77/task-scheduling/internal/models/cache.go:30.84,33.2 2 0
github.com/congziqi77/task-scheduling/internal/models/cache.go:35.63,38.2 2 0
github.com/congziqi77/task-scheduling/internal/models/cache.go:40.39,42.2 1 0
github.com/congziqi77/task-scheduling/internal/models/graph.go:28.24,34.2 1 1
github.com/congziqi77/task-scheduling/internal/models/graph.go:37.54,38.21 1 1
github.com/congziqi77/task-scheduling/internal/models/graph.go:43.2,43.32 1 1
github.com/congziqi77/task-scheduling/internal/models/graph.go:47.2,52.12 5 1
github.com/congziqi77/task-scheduling/internal/models/graph.go:38.21,40.3 1 0
github.com/congziqi77/task-scheduling/internal/models/graph.go:43.32,45.3 1 0
github.com/congziqi77/task-scheduling/internal/models/graph.go:55.44,57.2 1 1
github.com/congziqi77/task-scheduling/internal/models/graph.go:60.35,63.29 2 1
github.com/congziqi77/task-scheduling/internal/models/graph.go:68.2,68.15 1 1
github.com/congziqi77/task-scheduling/internal/models/graph.go:63.29,64.43 1 1
github.com/congziqi77/task-scheduling/internal/models/graph.go:64.43,66.4 1 1
github.com/congziqi77/task-scheduling/internal/models/graph.go:71.47,76.31 3 1
github.com/congziqi77/task-scheduling/internal/models/graph.go:85.2,85.12 1 1
github.com/congziqi77/task-scheduling/internal/models/graph.go:76.31,81.35 3 1
github.com/congziqi77/task-scheduling/internal/models/graph.go:81.35,83.4 1 1
github.com/congziqi77/task-scheduling/internal/models/graph.go:89.37,90.45 1 1
github.com/congziqi77/task-scheduling/internal/models/graph.go:93.2,94.23 2 1
github.com/congziqi77/task-scheduling/internal/models/graph.go:90.45,92.3 1 1
github.com/congziqi77/task-scheduling/internal/models/graph.go:97.52,99.21 2 1
github.com/congziqi77/task-scheduling/internal/models/graph.go:99.21,102.3 1 1
github.com/congziqi77/task-scheduling/internal/models/graph.go:102.8,104.3 1 1
github.com/congziqi77/task-scheduling/internal/models/graph.go:108.32,114.2 1 1
github.com/congziqi77/task-scheduling/internal/models/graph.go:117.54,121.2 3 1
github.com/congziqi77/task-scheduling/internal/models/graph.go:123.49,125.2 1 1
github.com/congziqi77/task-scheduling/internal/models/graph.go:127.51,129.2 1 1
github.com/congziqi77/task-scheduling/internal/models/graph.go:131.53,133.9 2 1
github.com/congziqi77/task-scheduling/internal/models/graph.go:137.2,137.26 1 1
github.com/congziqi77/task-scheduling/internal/models/graph.go:133.9,136.3 2 1
github.com/congziqi77/task-scheduling/internal/models/graph.go:140.83,141.33 1 1
github.com/congziqi77/task-scheduling/internal/models/graph.go:145.2,149.27 3 1
github.com/congziqi77/task-scheduling/internal/models/graph.go:163.2,163.12 1 1
github.com/congziqi77/task-scheduling/internal/models/graph.go:141.33,143.3 1 0
github.com/congziqi77/task-scheduling/internal/models/graph.go:149.27,151.36 2 1
github.com/congziqi77/task-scheduling/internal/models/graph.go:159.3,159.26 1 1
github.com/congziqi77/task-scheduling/internal/models/graph.go:151.36,152.39 1 1
github.com/congziqi77/task-scheduling/internal/models/graph.go:152.39,153.36 1 1
github.com/congziqi77/task-scheduling/internal/models/graph.go:153.36,156.6 2 1
github.com/congziqi77/task-scheduling/internal/models/graph.go:166.37,169.28 2 1
github.com/congziqi77/task-scheduling/internal/models/graph.go:172.2,172.17 1 1
github.com/congziqi77/task-scheduling/internal/models/graph.go:169.28,171.3 1 1
github.com/congziqi77/task-scheduling/internal/models/graph.go:175.34,178.28 2 1
github.com/congziqi77/task-scheduling/internal/models/graph.go:182.2,182.15 1 1
github.com/congziqi77/task-scheduling/internal/models/graph.go:178.28,180.3 1 1
github.com/congziqi77/task-scheduling/internal/models/model.go:26.32,28.16 2 0
github.com/congziqi77/task-scheduling/internal/models/model.go:31.2,31.27 1 0
github.com/congziqi77/task-scheduling/internal/models/model.go:28.16,30.3 1 0
github.com/congziqi77/task-scheduling/internal/models/model.go:35.38,43.16 3 0
github.com/congziqi77/task-scheduling/internal/models/model.go:46.2,47.16 2 0
github.com/congziqi77/task-scheduling/internal/models/model.go:50.2,55.16 5 0
github.com/congziqi77/task-scheduling/internal/models/model.go:43.16,45.3 1 0
github.com/congziqi77/task-scheduling/internal/models/model.go:47.16,49.3 1 0
github.com/congziqi77/task-scheduling/internal/models/model.go:58.30,60.6 2 0
github.com/congziqi77/task-scheduling/internal/models/model.go:60.6,61.10 1 0
github.com/congziqi77/task-scheduling/internal/models/model.go:62.12,64.18 2 0
github.com/congziqi77/task-scheduling/internal/models/model.go:64.18,66.5 1 0
github.com/congziqi77/task-scheduling/internal/models/model.go:71.40,73.2 1 0
github.com/congziqi77/task-scheduling/internal/models/task.go:37.71,38.32 1 1
github.com/congziqi77/task-scheduling/internal/models/task.go:42.2,43.16 2 1
github.com/congziqi77/task-scheduling/internal/models/task.go:46.2,48.9 3 1
github.com/congziqi77/task-scheduling/internal/models/task.go:51.2,54.16 4 1
github.com/congziqi77/task-scheduling/internal/models/task.go:57.2,58.12 2 1
github.com/congziqi77/task-scheduling/internal/models/task.go:38.32,41.3 2 1
github.com/congziqi77/task-scheduling/internal/models/task.go:43.16,45.3 1 0
github.com/congziqi77/task-scheduling/internal/models/task.go:48.9,50.3 1 0
github.com/congziqi77/task-scheduling/internal/models/task.go:54.16,56.3 1 0
github.com/congziqi77/task-scheduling/internal/models/task.go:62.37,63.17 1 1
github.com/congziqi77/task-scheduling/internal/models/task.go:94.2,95.14 2 1
github.com/congziqi77/task-scheduling/internal/models/task.go:63.17,66.33 3 1
github.com/congziqi77/task-scheduling/internal/models/task.go:84.3,90.4 2 1
github.com/congziqi77/task-scheduling/internal/models/task.go:66.33,67.53 1 1
github.com/congziqi77/task-scheduling/internal/models/task.go:71.4,71.40 1 1
github.com/congziqi77/task-scheduling/internal/models/task.go:67.53,69.13 2 1
github.com/congziqi77/task-scheduling/internal/models/task.go:71.40,73.19 2 1
github.com/congziqi77/task-scheduling/internal/models/task.go:73.19,81.6 2 0
github.com/congziqi77/task-scheduling/internal/models/task.go:95.14,98.3 2 0
github.com/congziqi77/task-scheduling/internal/models/task.go:102.48,105.32 3 1
github.com/congziqi77/task-scheduling/internal/models/task.go:122.2,133.3 7 1
github.com/congziqi77/task-scheduling/internal/models/task.go:105.32,106.52 1 1
github.com/congziqi77/task-scheduling/internal/models/task.go:110.3,110.39 1 1
github.com/congziqi77/task-scheduling/internal/models/task.go:106.52,108.12 2 1
github.com/congziqi77/task-scheduling/internal/models/task.go:110.39,112.18 2 1
github.com/congziqi77/task-scheduling/internal/models/task.go:112.18,119.5 1 0
github.com/congziqi77/task-scheduling/internal/models/task.go:137.20,138.6 1 0
github.com/congziqi77/task-scheduling/internal/models/task.go:138.6,141.28 3 0
github.com/congziqi77/task-scheduling/internal/models/task.go:141.28,144.4 1 0
github.com/congziqi77/task-scheduling/internal/models/task.go:144.9,147.18 3 0
github.com/congziqi77/task-scheduling/internal/models/task.go:152.4,152.52 1 0
github.com/congziqi77/task-scheduling/internal/models/task.go:147.18,149.13 2 0
github.com/congziqi77/task-scheduling/internal/models/task.go:157.77,159.16 2 0
github.com/congziqi77/task-scheduling/internal/models/task.go:163.2,165.16 3 0
github.com/congziqi77/task-scheduling/internal/models/task.go:168.2,171.21 4 0
github.com/congziqi77/task-scheduling/internal/models/task.go:176.2,176.17 1 0
github.com/congziqi77/task-scheduling/internal/models/task.go:159.16,161.3 1 0
github.com/congziqi77/task-scheduling/internal/models/task.go:165.16,167.3 1 0
github.com/congziqi77/task-scheduling/internal/models/task.go:171.21,173.3 1 0
github.com/congziqi77/task-scheduling/internal/models/task.go:173.8,175.3 1 0
github.com/congziqi77/task-scheduling/internal/models/task.go:180.70,182.15 2 0
github.com/congziqi77/task-scheduling/internal/models/task.go:188.2,188.30 1 0
github.com/congziqi77/task-scheduling/internal/models/task.go:197.2,198.18 2 0
github.com/congziqi77/task-scheduling/internal/models/task.go:182.15,184.17 2 0
github.com/congziqi77/task-scheduling/internal/models/task.go:184.17,186.4 1 0
github.com/congziqi77/task-scheduling/internal/models/task.go:188.30,192.32 4 0
github.com/congziqi77/task-scheduling/internal/models/task.go:195.3,195.12 1 0
github.com/congziqi77/task-scheduling/internal/models/task.go:192.32,194.4 1 0
github.com/congziqi77/task-scheduling/internal/models/task.go:202.72,204.2 1 0
github.com/congziqi77/task-scheduling/internal/models/task.go:206.72,208.16 2 0
github.com/congziqi77/task-scheduling/internal/models/task.go:211.2,212.14 2 0
github.com/congziqi77/task-scheduling/internal/models/task.go:222.2,225.26 3 0
github.com/congziqi77/task-scheduling/internal/models/task.go:208.16,210.3 1 0
github.com/congziqi77/task-scheduling/internal/models/task.go:212.14,214.17 2 0
github.com/congziqi77/task-scheduling/internal/models/task.go:217.3,218.17 2 0
github.com/congziqi77/task-scheduling/internal/models/task.go:214.17,216.4 1 0
github.com/congziqi77/task-scheduling/internal/models/task.go:218.17,220.4 1 0
github.com/congziqi77/task-scheduling/internal/models/task.go:228.65,229.15 1 0
github.com/congziqi77/task-scheduling/internal/models/task.go:234.2,236.16 3 0
github.com/congziqi77/task-scheduling/internal/models/task.go:239.2,239.18 1 0
github.com/congziqi77/task-scheduling/internal/models/task.go:242.2,242.52 1 0
github.com/congziqi77/task-scheduling/internal/models/task.go:229.15,230.31 1 0
github.com/congziqi77/task-scheduling/internal/models/task.go:230.31,232.4 1 0
github.com/congziqi77/task-scheduling/internal/models/task.go:236.16,237.13 1 0
github.com/congziqi77/task-scheduling/internal/models/task.go:239.18,241.3 1 0
github.com/congziqi77/task-scheduling/internal/models/task.go:242.52,243.13 1 0
github.com/congziqi77/task-scheduling/internal/models/task.go:247.55,249.16 2 0
github.com/congziqi77/task-scheduling/internal/models/task.go:252.2,255.38 4 0
github.com/congziqi77/task-scheduling/internal/models/task.go:265.2,265.12 1 0
github.com/congziqi77/task-scheduling/internal/models/task.go:249.16,251.3 1 0
github.com/congziqi77/task-scheduling/internal/models/task.go:255.38,257.17 2 0
github.com/congziqi77/task-scheduling/internal/models/task.go:260.3,261.17 2 0
github.com/congziqi77/task-scheduling/internal/models/task.go:257.17,259.4 1 0
github.com/congziqi77/task-scheduling/internal/models/task.go:261.17,263.4 1 0
github.com/congziqi77/task-scheduling/internal/models/topic.go:25.45,28.16 3 1
github.com/congziqi77/task-scheduling/internal/models/topic.go:31.2,33.16 3 1
github.com/congziqi77/task-scheduling/internal/models/topic.go:36.2,36.12 1 1
github.com/congziqi77/task-scheduling/internal/models/topic.go:28.16,30.3 1 1
github.com/congziqi77/task-scheduling/internal/models/topic.go:33.16,35.3 1 0
github.com/congziqi77/task-scheduling/internal/models/topic.go:40.42,42.14 2 0
github.com/congziqi77/task-scheduling/internal/models/topic.go:45.2,47.16 3 0
github.com/congziqi77/task-scheduling/internal/models/topic.go:50.2,52.16 3 0
github.com/congziqi77/task-scheduling/internal/models/topic.go:55.2,55.12 1 0
github.com/congziqi77/task-scheduling/internal/models/topic.go:42.14,44.3 1 0
github.com/congziqi77/task-scheduling/internal/models/topic.go:47.16,49.3 1 0
github.com/congziqi77/task-scheduling/internal/models/topic.go:52.16,54.3 1 0
github.com/congziqi77/task-scheduling/internal/models/topic.go:58.55,60.16 2 1
github.com/congziqi77/task-scheduling/internal/models/topic.go:63.2,64.14 2 1
github.com/congziqi77/task-scheduling/internal/models/topic.go:70.2,70.22 1 1
github.com/congziqi77/task-scheduling/internal/models/topic.go:60.16,62.3 1 1
github.com/congziqi77/task-scheduling/internal/models/topic.go:64.14,66.17 2 1
github.com/congziqi77/task-scheduling/internal/models/topic.go:66.17,68.4 1 0
github.com/congziqi77/task-scheduling/internal/models/topic.go:73.54,75.16 2 1
github.com/congziqi77/task-scheduling/internal/models/topic.go:78.2,79.16 2 1
github.com/congziqi77/task-scheduling/internal/models/topic.go:82.2,82.12 1 1
github.com/congziqi77/task-scheduling/internal/models/topic.go:75.16,77.3 1 0
github.com/congziqi77/task-scheduling/internal/models/topic.go:79.16,81.3 1 0
github.com/congziqi77/task-scheduling/internal/models/topic.go:85.66,87.16 2 1
github.com/congziqi77/task-scheduling/internal/models/topic.go:90.2,92.14 2 1
github.com/congziqi77/task-scheduling/internal/models/topic.go:114.2,115.42 2 0
github.com/congziqi77/task-scheduling/internal/models/topic.go:87.16,89.3 1 0
github.com/congziqi77/task-scheduling/internal/models/topic.go:92.14,96.17 4 1
github.com/congziqi77/task-scheduling/internal/models/topic.go:99.3,103.28 5 1
github.com/congziqi77/task-scheduling/internal/models/topic.go:106.3,107.17 2 1
github.com/congziqi77/task-scheduling/internal/models/topic.go:110.3,111.43 2 1
github.com/congziqi77/task-scheduling/internal/models/topic.go:96.17,98.4 1 0
github.com/congziqi77/task-scheduling/internal/models/topic.go:103.28,105.4 1 0
github.com/congziqi77/task-scheduling/internal/models/topic.go:107.17,109.4 1 0
github.com/congziqi77/task-scheduling/internal/models/topic.go:118.51,120.16 2 0
github.com/congziqi77/task-scheduling/internal/models/topic.go:123.2,125.16 3 0
github.com/congziqi77/task-scheduling/internal/models/topic.go:128.2,129.20 2 0
github.com/congziqi77/task-scheduling/internal/models/topic.go:120.16,122.3 1 0
github.com/congziqi77/task-scheduling/internal/models/topic.go:125.16,127.3 1 0
github.com/congziqi77/task-scheduling/internal/models/topic.go:132.53,134.2 1 1
